<?xml version="1.0" encoding="UTF-8"?>
<!-- Generated by org.testng.reporters.JUnitReportReporter -->
<testsuite skipped="0" hostname="Computer" name="api.test.UserTests2" tests="4" failures="0" timestamp="2023-03-20T22:19:53 IST" time="18.759" errors="0">
  <testcase name="testPostUser" time="11.968" classname="api.test.UserTests2"/>
  <system-out/>
  <testcase name="testGetUserByName" time="2.873" classname="api.test.UserTests2"/>
  <system-out/>
  <testcase name="testUpdateUserByName" time="2.639" classname="api.test.UserTests2"/>
  <system-out/>
  <testcase name="testDeleteUserByName" time="1.279" classname="api.test.UserTests2"/>
  <system-out/>
</testsuite> <!-- api.test.UserTests2 -->
