<?xml version="1.0" encoding="UTF-8"?>
<!-- Generated by org.testng.reporters.JUnitReportReporter -->
<testsuite skipped="0" hostname="Computer" name="api.test.UserTests" tests="4" failures="0" timestamp="2023-03-19T23:41:45 IST" time="15.450" errors="0">
  <testcase name="testPostUser" time="9.286" classname="api.test.UserTests"/>
  <system-out/>
  <testcase name="testGetUserByName" time="1.650" classname="api.test.UserTests"/>
  <system-out/>
  <testcase name="testUpdateUserByName" time="3.055" classname="api.test.UserTests"/>
  <system-out/>
  <testcase name="testDeleteUserByName" time="1.459" classname="api.test.UserTests"/>
  <system-out/>
</testsuite> <!-- api.test.UserTests -->
