<?xml version="1.0" encoding="UTF-8"?>
<!-- Generated by org.testng.reporters.JUnitReportReporter -->
<testsuite skipped="0" hostname="Computer" name="api.test.DDTests" tests="6" failures="0" timestamp="2023-03-19T21:52:59 IST" time="22.037" errors="0">
  <testcase name="testPostUser" time="14.766" classname="api.test.DDTests"/>
  <system-out/>
  <testcase name="testPostUser" time="1.308" classname="api.test.DDTests"/>
  <system-out/>
  <testcase name="testPostUser" time="2.003" classname="api.test.DDTests"/>
  <system-out/>
  <testcase name="testDeleteUserByName" time="1.359" classname="api.test.DDTests"/>
  <system-out/>
  <testcase name="testDeleteUserByName" time="1.359" classname="api.test.DDTests"/>
  <system-out/>
  <testcase name="testDeleteUserByName" time="1.242" classname="api.test.DDTests"/>
  <system-out/>
</testsuite> <!-- api.test.DDTests -->
