<?xml version="1.0" encoding="UTF-8"?>
<!-- Generated by org.testng.reporters.JUnitReportReporter -->
<testsuite hostname="Computer" failures="0" tests="4" name="api.test.UserTests2" time="37.453" errors="0" timestamp="2023-03-26T20:25:24 IST" skipped="0">
  <testcase classname="api.test.UserTests2" name="testPostUser" time="30.623"/>
  <system-out/>
  <testcase classname="api.test.UserTests2" name="testGetUserByName" time="1.893"/>
  <system-out/>
  <testcase classname="api.test.UserTests2" name="testUpdateUserByName" time="3.341"/>
  <system-out/>
  <testcase classname="api.test.UserTests2" name="testDeleteUserByName" time="1.596"/>
  <system-out/>
</testsuite> <!-- api.test.UserTests2 -->
